0 info it worked if it ends with ok
1 verbose cli [ '/usr/bin/nodejs', '/usr/bin/npm', 'run', 'lint' ]
2 info using npm@3.5.2
3 info using node@v4.2.6
4 verbose run-script [ 'prelint', 'lint', 'postlint' ]
5 info lifecycle cognicity-reports-line@1.0.0~prelint: cognicity-reports-line@1.0.0
6 silly lifecycle cognicity-reports-line@1.0.0~prelint: no script for prelint, continuing
7 info lifecycle cognicity-reports-line@1.0.0~lint: cognicity-reports-line@1.0.0
8 verbose lifecycle cognicity-reports-line@1.0.0~lint: unsafe-perm in lifecycle true
9 verbose lifecycle cognicity-reports-line@1.0.0~lint: PATH: /usr/share/npm/bin/node-gyp-bin:/home/saket/Downloads/cognicity-reports-line-master/node_modules/.bin:/home/saket/.rvm/gems/ruby-2.5.3/bin:/home/saket/.rvm/gems/ruby-2.5.3@global/bin:/home/saket/.rvm/rubies/ruby-2.5.3/bin:/usr/bin/python2.7:/home/saket/platform-tools:/home/saket/bin:/home/saket/.local/bin:/usr/local/sbin:/usr/local/bin:/usr/sbin:/usr/bin:/sbin:/bin:/usr/games:/usr/local/games:/snap/bin:/usr/lib/jvm/java-8-oracle/bin:/usr/lib/jvm/java-8-oracle/db/bin:/usr/lib/jvm/java-8-oracle/jre/bin:/home/saket/.rvm/bin:/home/saket/.rvm/bin
10 verbose lifecycle cognicity-reports-line@1.0.0~lint: CWD: /home/saket/Downloads/cognicity-reports-line-master
11 silly lifecycle cognicity-reports-line@1.0.0~lint: Args: [ '-c', 'eslint --fix src' ]
12 silly lifecycle cognicity-reports-line@1.0.0~lint: Returned: code: 1  signal: null
13 info lifecycle cognicity-reports-line@1.0.0~lint: Failed to exec lint script
14 verbose stack Error: cognicity-reports-line@1.0.0 lint: `eslint --fix src`
14 verbose stack Exit status 1
14 verbose stack     at EventEmitter.<anonymous> (/usr/share/npm/lib/utils/lifecycle.js:232:16)
14 verbose stack     at emitTwo (events.js:87:13)
14 verbose stack     at EventEmitter.emit (events.js:172:7)
14 verbose stack     at ChildProcess.<anonymous> (/usr/share/npm/lib/utils/spawn.js:24:14)
14 verbose stack     at emitTwo (events.js:87:13)
14 verbose stack     at ChildProcess.emit (events.js:172:7)
14 verbose stack     at maybeClose (internal/child_process.js:821:16)
14 verbose stack     at Process.ChildProcess._handle.onexit (internal/child_process.js:211:5)
15 verbose pkgid cognicity-reports-line@1.0.0
16 verbose cwd /home/saket/Downloads/cognicity-reports-line-master/src
17 error Linux 4.4.0-139-generic
18 error argv "/usr/bin/nodejs" "/usr/bin/npm" "run" "lint"
19 error node v4.2.6
20 error npm  v3.5.2
21 error code ELIFECYCLE
22 error cognicity-reports-line@1.0.0 lint: `eslint --fix src`
22 error Exit status 1
23 error Failed at the cognicity-reports-line@1.0.0 lint script 'eslint --fix src'.
23 error Make sure you have the latest version of node.js and npm installed.
23 error If you do, this is most likely a problem with the cognicity-reports-line package,
23 error not with npm itself.
23 error Tell the author that this fails on your system:
23 error     eslint --fix src
23 error You can get information on how to open an issue for this project with:
23 error     npm bugs cognicity-reports-line
23 error Or if that isn't available, you can get their info via:
23 error     npm owner ls cognicity-reports-line
23 error There is likely additional logging output above.
24 verbose exit [ 1, true ]
